<?xml version="1.0" encoding="UTF-8"?>
<testsuites>
  <testsuite name="The test suite generated by Stagehand_TestRunner" tests="1" assertions="1" failures="0" errors="0" time="223.184936">
    <testsuite name="siad007\Fop\Tests\CommandTest" file="C:\Users\sardroumli\GITRepos\Fop\tests\siad007\Fop\CommandTest.php" namespace="siad007\Fop\Tests" fullPackage="siad007.Fop.Tests" tests="1" assertions="1" failures="0" errors="0" time="223.184936">
      <testcase name="generalFunctionality" class="siad007\Fop\Tests\CommandTest" file="C:\Users\sardroumli\GITRepos\Fop\tests\siad007\Fop\CommandTest.php" line="27" assertions="1" time="223.184936"/>
    </testsuite>
  </testsuite>
</testsuites>
