<?xml version="1.0" encoding="UTF-8"?>
<testsuites>
  <testsuite name="The test suite generated by Stagehand_TestRunner" tests="2" assertions="2" failures="0" errors="0" time="37.761054">
    <testsuite name="siad007\Fop\Tests\CommandTest" file="C:\Users\sardroumli\GITRepos\Fop\tests\siad007\Fop\CommandTest.php" namespace="siad007\Fop\Tests" fullPackage="siad007.Fop.Tests" tests="2" assertions="2" failures="0" errors="0" time="37.761054">
      <testcase name="generalFunctionality" class="siad007\Fop\Tests\CommandTest" file="C:\Users\sardroumli\GITRepos\Fop\tests\siad007\Fop\CommandTest.php" line="34" assertions="1" time="37.754161"/>
      <testcase name="commandSyntax" class="siad007\Fop\Tests\CommandTest" file="C:\Users\sardroumli\GITRepos\Fop\tests\siad007\Fop\CommandTest.php" line="47" assertions="1" time="0.006893"/>
    </testsuite>
  </testsuite>
</testsuites>
