<?xml version="1.0" encoding="UTF-8"?>
<testsuites>
  <testsuite name="The test suite generated by Stagehand_TestRunner" tests="3" assertions="4" failures="0" errors="0" time="45.220980">
    <testsuite name="siad007\Fop\Tests\ArgumentsTest" file="C:\Users\sardroumli\GITRepos\Fop\tests\siad007\Fop\ArgumentsTest.php" namespace="siad007\Fop\Tests" fullPackage="siad007.Fop.Tests" tests="1" assertions="2" failures="0" errors="0" time="1.629924">
      <testcase name="readingArguments" class="siad007\Fop\Tests\ArgumentsTest" file="C:\Users\sardroumli\GITRepos\Fop\tests\siad007\Fop\ArgumentsTest.php" line="30" assertions="2" time="1.629924"/>
    </testsuite>
    <testsuite name="siad007\Fop\Tests\CommandTest" file="C:\Users\sardroumli\GITRepos\Fop\tests\siad007\Fop\CommandTest.php" namespace="siad007\Fop\Tests" fullPackage="siad007.Fop.Tests" tests="2" assertions="2" failures="0" errors="0" time="43.591056">
      <testcase name="generalFunctionality" class="siad007\Fop\Tests\CommandTest" file="C:\Users\sardroumli\GITRepos\Fop\tests\siad007\Fop\CommandTest.php" line="37" assertions="1" time="43.585749"/>
      <testcase name="commandSyntax" class="siad007\Fop\Tests\CommandTest" file="C:\Users\sardroumli\GITRepos\Fop\tests\siad007\Fop\CommandTest.php" line="50" assertions="1" time="0.005307"/>
    </testsuite>
  </testsuite>
</testsuites>
